

Processing UsersController#new (for 127.0.0.1 at 2011-02-27 18:47:38) [GET]

ActiveRecord::StatementInvalid (Could not find table 'users'):
  app/controllers/users_controller.rb:27:in `new'
  app/controllers/users_controller.rb:27:in `new'
  /usr/lib/ruby/1.8/webrick/httpserver.rb:104:in `service'
  /usr/lib/ruby/1.8/webrick/httpserver.rb:65:in `run'
  /usr/lib/ruby/1.8/webrick/server.rb:173:in `start_thread'
  /usr/lib/ruby/1.8/webrick/server.rb:162:in `start'
  /usr/lib/ruby/1.8/webrick/server.rb:162:in `start_thread'
  /usr/lib/ruby/1.8/webrick/server.rb:95:in `start'
  /usr/lib/ruby/1.8/webrick/server.rb:92:in `each'
  /usr/lib/ruby/1.8/webrick/server.rb:92:in `start'
  /usr/lib/ruby/1.8/webrick/server.rb:23:in `start'
  /usr/lib/ruby/1.8/webrick/server.rb:82:in `start'

Rendered rescues/_trace (50.8ms)
Rendered rescues/_request_and_response (0.9ms)
Rendering rescues/layout (internal_server_error)


Processing UsersController#index (for 127.0.0.1 at 2011-02-27 18:47:39) [GET]
  [4;36;1mUser Load (0.0ms)[0m   [0;1mSQLite3::SQLException: no such table: users: SELECT * FROM "users" [0m

ActiveRecord::StatementInvalid (SQLite3::SQLException: no such table: users: SELECT * FROM "users" ):
  app/controllers/users_controller.rb:5:in `index'
  /usr/lib/ruby/1.8/webrick/httpserver.rb:104:in `service'
  /usr/lib/ruby/1.8/webrick/httpserver.rb:65:in `run'
  /usr/lib/ruby/1.8/webrick/server.rb:173:in `start_thread'
  /usr/lib/ruby/1.8/webrick/server.rb:162:in `start'
  /usr/lib/ruby/1.8/webrick/server.rb:162:in `start_thread'
  /usr/lib/ruby/1.8/webrick/server.rb:95:in `start'
  /usr/lib/ruby/1.8/webrick/server.rb:92:in `each'
  /usr/lib/ruby/1.8/webrick/server.rb:92:in `start'
  /usr/lib/ruby/1.8/webrick/server.rb:23:in `start'
  /usr/lib/ruby/1.8/webrick/server.rb:82:in `start'

Rendered rescues/_trace (22.3ms)
Rendered rescues/_request_and_response (0.2ms)
Rendering rescues/layout (internal_server_error)
  [4;36;1mSQL (0.2ms)[0m   [0;1m SELECT name
 FROM sqlite_master
 WHERE type = 'table' AND NOT name = 'sqlite_sequence'
[0m
  [4;35;1mSQL (0.1ms)[0m   [0mselect sqlite_version(*)[0m
  [4;36;1mSQL (3.6ms)[0m   [0;1mCREATE TABLE "schema_migrations" ("version" varchar(255) NOT NULL) [0m
  [4;35;1mSQL (0.0ms)[0m   [0mPRAGMA index_list("schema_migrations")[0m
  [4;36;1mSQL (10.9ms)[0m   [0;1mCREATE UNIQUE INDEX "unique_schema_migrations" ON "schema_migrations" ("version")[0m
  [4;35;1mSQL (0.1ms)[0m   [0m SELECT name
 FROM sqlite_master
 WHERE type = 'table' AND NOT name = 'sqlite_sequence'
[0m
  [4;36;1mSQL (0.1ms)[0m   [0;1mSELECT version FROM schema_migrations[0m
Migrating to CreateUsers (20110228012533)
  [4;35;1mSQL (0.2ms)[0m   [0mCREATE TABLE "users" ("id" INTEGER PRIMARY KEY AUTOINCREMENT NOT NULL, "username" varchar(255), "password" varchar(255), "name_first" varchar(255), "name_last" varchar(255), "email" varchar(255), "created_at" datetime, "updated_at" datetime) [0m
  [4;36;1mSQL (0.1ms)[0m   [0;1mINSERT INTO schema_migrations (version) VALUES ('20110228012533')[0m
Migrating to CreateRoles (20110228012609)
  [4;35;1mSQL (0.2ms)[0m   [0mCREATE TABLE "roles" ("id" INTEGER PRIMARY KEY AUTOINCREMENT NOT NULL, "role_name" varchar(255), "created_at" datetime, "updated_at" datetime) [0m
  [4;36;1mSQL (0.1ms)[0m   [0;1mINSERT INTO schema_migrations (version) VALUES ('20110228012609')[0m
Migrating to AddAuthlogicColumnsToUser (20110228013543)
  [4;35;1mSQL (0.3ms)[0m   [0mALTER TABLE "users" ADD "login_count" integer[0m
  [4;36;1mSQL (0.2ms)[0m   [0;1mALTER TABLE "users" ADD "failed_login_count" integer[0m
  [4;35;1mSQL (0.2ms)[0m   [0mALTER TABLE "users" ADD "last_request_at" datetime[0m
  [4;36;1mSQL (0.2ms)[0m   [0;1mALTER TABLE "users" ADD "current_login_at" datetime[0m
  [4;35;1mSQL (0.2ms)[0m   [0mALTER TABLE "users" ADD "last_login_at" datetime[0m
  [4;36;1mSQL (0.2ms)[0m   [0;1mALTER TABLE "users" ADD "current_login_ip" varchar(255)[0m
  [4;35;1mSQL (0.2ms)[0m   [0mALTER TABLE "users" ADD "last_login_ip" varchar(255)[0m
  [4;36;1mSQL (0.1ms)[0m   [0;1mINSERT INTO schema_migrations (version) VALUES ('20110228013543')[0m
  [4;35;1mSQL (0.2ms)[0m   [0m SELECT name
 FROM sqlite_master
 WHERE type = 'table' AND NOT name = 'sqlite_sequence'
[0m
  [4;36;1mSQL (0.2ms)[0m   [0;1mSELECT version FROM schema_migrations[0m
  [4;35;1mSQL (0.2ms)[0m   [0m SELECT name
 FROM sqlite_master
 WHERE type = 'table' AND NOT name = 'sqlite_sequence'
[0m
  [4;36;1mSQL (0.1ms)[0m   [0;1mPRAGMA index_list("roles")[0m
  [4;35;1mSQL (0.1ms)[0m   [0mPRAGMA index_list("users")[0m


Processing UsersController#index (for 127.0.0.1 at 2011-02-27 18:49:22) [GET]
  [4;36;1mSQL (0.1ms)[0m   [0;1m SELECT name
 FROM sqlite_master
 WHERE type = 'table' AND NOT name = 'sqlite_sequence'
[0m
  [4;35;1mSQL (0.1ms)[0m   [0m SELECT name
 FROM sqlite_master
 WHERE type = 'table' AND NOT name = 'sqlite_sequence'
[0m

NameError (undefined local variable or method `my_value' for #<Class:0x7f1125e64960>):
  app/models/user.rb:3
  authlogic (2.1.6) lib/authlogic/acts_as_authentic/base.rb:33:in `acts_as_authentic'
  app/models/user.rb:2
  app/controllers/users_controller.rb:5:in `index'
  /usr/lib/ruby/1.8/webrick/httpserver.rb:104:in `service'
  /usr/lib/ruby/1.8/webrick/httpserver.rb:65:in `run'
  /usr/lib/ruby/1.8/webrick/server.rb:173:in `start_thread'
  /usr/lib/ruby/1.8/webrick/server.rb:162:in `start'
  /usr/lib/ruby/1.8/webrick/server.rb:162:in `start_thread'
  /usr/lib/ruby/1.8/webrick/server.rb:95:in `start'
  /usr/lib/ruby/1.8/webrick/server.rb:92:in `each'
  /usr/lib/ruby/1.8/webrick/server.rb:92:in `start'
  /usr/lib/ruby/1.8/webrick/server.rb:23:in `start'
  /usr/lib/ruby/1.8/webrick/server.rb:82:in `start'

Rendered rescues/_trace (55.3ms)
Rendered rescues/_request_and_response (0.9ms)
Rendering rescues/layout (internal_server_error)


Processing UsersController#index (for 127.0.0.1 at 2011-02-27 18:49:40) [GET]
  [4;36;1mUser Load (0.1ms)[0m   [0;1mSELECT * FROM "users" [0m
Rendering template within layouts/users
Rendering users/index
Completed in 14ms (View: 6, DB: 0) | 200 OK [http://localhost/users/]


Processing UsersController#new (for 127.0.0.1 at 2011-02-27 18:49:44) [GET]
Rendering template within layouts/users
Rendering users/new
Completed in 15ms (View: 9, DB: 0) | 200 OK [http://localhost/users/new]


Processing UsersController#create (for 127.0.0.1 at 2011-02-27 18:49:50) [POST]
  Parameters: {"commit"=>"Create", "authenticity_token"=>"chFnGdZViQwQ4pUqSj9b2aRRs9pf95i0TJTwZCjifac=", "user"=>{"name_last"=>"", "username"=>"test", "name_first"=>"asdf", "password"=>"asdf", "email"=>""}}

NameError (undefined local variable or method `persistence_token' for #<User:0x7f1125ec0210>):
  authlogic (2.1.6) lib/authlogic/acts_as_authentic/persistence_token.rb:62:in `reset_persistence_token?'
  app/controllers/users_controller.rb:46
  app/controllers/users_controller.rb:45:in `create'
  /usr/lib/ruby/1.8/webrick/httpserver.rb:104:in `service'
  /usr/lib/ruby/1.8/webrick/httpserver.rb:65:in `run'
  /usr/lib/ruby/1.8/webrick/server.rb:173:in `start_thread'
  /usr/lib/ruby/1.8/webrick/server.rb:162:in `start'
  /usr/lib/ruby/1.8/webrick/server.rb:162:in `start_thread'
  /usr/lib/ruby/1.8/webrick/server.rb:95:in `start'
  /usr/lib/ruby/1.8/webrick/server.rb:92:in `each'
  /usr/lib/ruby/1.8/webrick/server.rb:92:in `start'
  /usr/lib/ruby/1.8/webrick/server.rb:23:in `start'
  /usr/lib/ruby/1.8/webrick/server.rb:82:in `start'

Rendered rescues/_trace (28.1ms)
Rendered rescues/_request_and_response (0.3ms)
Rendering rescues/layout (internal_server_error)
  [4;36;1mSQL (0.3ms)[0m   [0;1m SELECT name
 FROM sqlite_master
 WHERE type = 'table' AND NOT name = 'sqlite_sequence'
[0m
  [4;35;1mSQL (0.1ms)[0m   [0mSELECT version FROM schema_migrations[0m
Migrating to CreateUsers (20110228012533)
Migrating to CreateRoles (20110228012609)
Migrating to AddAuthlogicColumnsToUser (20110228013543)
Migrating to AddMoreColumnsToUsers (20110228015603)
  [4;36;1mSQL (0.1ms)[0m   [0;1mselect sqlite_version(*)[0m
  [4;35;1mSQL (0.3ms)[0m   [0mALTER TABLE "users" ADD "persistence_token" varchar(255)[0m
  [4;36;1mSQL (0.1ms)[0m   [0;1mINSERT INTO schema_migrations (version) VALUES ('20110228015603')[0m
  [4;35;1mSQL (0.1ms)[0m   [0m SELECT name
 FROM sqlite_master
 WHERE type = 'table' AND NOT name = 'sqlite_sequence'
[0m
  [4;36;1mSQL (0.1ms)[0m   [0;1mSELECT version FROM schema_migrations[0m
  [4;35;1mSQL (0.1ms)[0m   [0m SELECT name
 FROM sqlite_master
 WHERE type = 'table' AND NOT name = 'sqlite_sequence'
[0m
  [4;36;1mSQL (0.0ms)[0m   [0;1mPRAGMA index_list("roles")[0m
  [4;35;1mSQL (0.0ms)[0m   [0mPRAGMA index_list("users")[0m


Processing UsersController#index (for 127.0.0.1 at 2011-02-27 18:56:23) [GET]
  [4;36;1mUser Load (0.1ms)[0m   [0;1mSELECT * FROM "users" [0m
Rendering template within layouts/users
Rendering users/index
Completed in 14ms (View: 6, DB: 0) | 200 OK [http://localhost/users]


Processing UsersController#new (for 127.0.0.1 at 2011-02-27 18:56:24) [GET]
Rendering template within layouts/users
Rendering users/new
Completed in 16ms (View: 9, DB: 0) | 200 OK [http://localhost/users/new]


Processing UsersController#create (for 127.0.0.1 at 2011-02-27 18:56:28) [POST]
  Parameters: {"commit"=>"Create", "authenticity_token"=>"chFnGdZViQwQ4pUqSj9b2aRRs9pf95i0TJTwZCjifac=", "user"=>{"name_last"=>"", "username"=>"asdf", "name_first"=>"asdf", "password"=>"asdf", "email"=>""}}
  [4;35;1mUser Load (0.1ms)[0m   [0mSELECT "users".id FROM "users" WHERE (LOWER("users"."email") = '') LIMIT 1[0m
  [4;36;1mUser Load (0.1ms)[0m   [0;1mSELECT "users".id FROM "users" WHERE (LOWER("users"."username") = 'asdf') LIMIT 1[0m
  [4;35;1mUser Load (0.1ms)[0m   [0mSELECT "users".id FROM "users" WHERE ("users"."persistence_token" = 'c77d72d66b57188449ac69d51afb2ecf229d7757a6986df054c7f15e8ade6554eb60478b3743c026c30e8228312f3403cdcf59e6ae595ce6b7fddaa57b72c5c9') LIMIT 1[0m
Rendering template within layouts/users
Rendering users/new
Completed in 115ms (View: 8, DB: 0) | 200 OK [http://localhost/users]


Processing UsersController#create (for 127.0.0.1 at 2011-02-27 18:56:37) [POST]
  Parameters: {"commit"=>"Create", "authenticity_token"=>"chFnGdZViQwQ4pUqSj9b2aRRs9pf95i0TJTwZCjifac=", "user"=>{"name_last"=>"", "username"=>"asdf", "name_first"=>"asdf", "password"=>"asdf", "email"=>"test@test.com"}}
  [4;36;1mUser Load (0.1ms)[0m   [0;1mSELECT "users".id FROM "users" WHERE (LOWER("users"."email") = 'test@test.com') LIMIT 1[0m
  [4;35;1mUser Load (0.1ms)[0m   [0mSELECT "users".id FROM "users" WHERE (LOWER("users"."username") = 'asdf') LIMIT 1[0m
  [4;36;1mUser Load (0.1ms)[0m   [0;1mSELECT "users".id FROM "users" WHERE ("users"."persistence_token" = '5de272258bca1bc65113dd4000ef3773b25a6c877dc5c3493c8c0bd142900b5cb6df1a6481972f752cc94f82f9e4d42721780d47dc581e3fceffde517ded73ee') LIMIT 1[0m
  [4;35;1mUser Create (0.2ms)[0m   [0mINSERT INTO "users" ("name_last", "created_at", "last_request_at", "updated_at", "username", "failed_login_count", "current_login_ip", "current_login_at", "login_count", "persistence_token", "name_first", "last_login_ip", "password", "last_login_at", "email") VALUES('', '2011-02-28 01:56:37', '2011-02-28 01:56:37', '2011-02-28 01:56:37', 'asdf', 0, '127.0.0.1', '2011-02-28 01:56:37', 1, '5de272258bca1bc65113dd4000ef3773b25a6c877dc5c3493c8c0bd142900b5cb6df1a6481972f752cc94f82f9e4d42721780d47dc581e3fceffde517ded73ee', 'asdf', NULL, 'asdf', NULL, 'test@test.com')[0m
Redirected to http://localhost:3000/users/1
Completed in 23ms (DB: 0) | 302 Found [http://localhost/users]


Processing UsersController#show (for 127.0.0.1 at 2011-02-27 18:56:37) [GET]
  Parameters: {"id"=>"1"}
  [4;36;1mUser Load (0.2ms)[0m   [0;1mSELECT * FROM "users" WHERE ("users"."id" = 1) [0m
Rendering template within layouts/users
Rendering users/show
Completed in 13ms (View: 6, DB: 0) | 200 OK [http://localhost/users/1]


Processing UsersController#index (for 127.0.0.1 at 2011-02-27 18:56:40) [GET]
  [4;35;1mUser Load (0.2ms)[0m   [0mSELECT * FROM "users" [0m
Rendering template within layouts/users
Rendering users/index
Completed in 11ms (View: 5, DB: 0) | 200 OK [http://localhost/users]


Processing RolesController#index (for 127.0.0.1 at 2011-02-27 18:57:29) [GET]
  [4;36;1mRole Load (0.3ms)[0m   [0;1mSELECT * FROM "roles" [0m
Rendering template within layouts/roles
Rendering roles/index
Completed in 11ms (View: 7, DB: 0) | 200 OK [http://localhost/roles]


Processing RolesController#index (for 127.0.0.1 at 2011-02-27 20:26:05) [GET]
  [4;35;1mRole Load (0.4ms)[0m   [0mSELECT * FROM "roles" [0m
Rendering template within layouts/roles
Rendering roles/index
Completed in 7ms (View: 2, DB: 0) | 200 OK [http://localhost/roles]


Processing UsersController#index (for 127.0.0.1 at 2011-02-27 20:26:08) [GET]
  [4;36;1mUser Load (0.2ms)[0m   [0;1mSELECT * FROM "users" [0m
Rendering template within layouts/users
Rendering users/index
Completed in 17ms (View: 10, DB: 0) | 200 OK [http://localhost/users/]


Processing RolesController#index (for 127.0.0.1 at 2011-02-27 20:29:01) [GET]
  [4;35;1mRole Load (0.4ms)[0m   [0mSELECT * FROM "roles" [0m

NameError (undefined local variable or method `current_user' for #<RolesController:0x7f6ea025fa38>):
  app/controllers/roles_controller.rb:88:in `require_user'
  app/controllers/roles_controller.rb:7:in `index'
  /usr/lib/ruby/1.8/webrick/httpserver.rb:104:in `service'
  /usr/lib/ruby/1.8/webrick/httpserver.rb:65:in `run'
  /usr/lib/ruby/1.8/webrick/server.rb:173:in `start_thread'
  /usr/lib/ruby/1.8/webrick/server.rb:162:in `start'
  /usr/lib/ruby/1.8/webrick/server.rb:162:in `start_thread'
  /usr/lib/ruby/1.8/webrick/server.rb:95:in `start'
  /usr/lib/ruby/1.8/webrick/server.rb:92:in `each'
  /usr/lib/ruby/1.8/webrick/server.rb:92:in `start'
  /usr/lib/ruby/1.8/webrick/server.rb:23:in `start'
  /usr/lib/ruby/1.8/webrick/server.rb:82:in `start'

Rendered rescues/_trace (18.8ms)
Rendered rescues/_request_and_response (0.8ms)
Rendering rescues/layout (internal_server_error)


Processing RolesController#index (for 127.0.0.1 at 2011-02-27 20:29:49) [GET]
  [4;36;1mRole Load (0.2ms)[0m   [0;1mSELECT * FROM "roles" [0m

NameError (undefined local variable or method `current_user_session' for #<RolesController:0x7f6ea036f248>):
  app/controllers/roles_controller.rb:99:in `current_user'
  app/controllers/roles_controller.rb:89:in `require_user'
  app/controllers/roles_controller.rb:7:in `index'
  /usr/lib/ruby/1.8/webrick/httpserver.rb:104:in `service'
  /usr/lib/ruby/1.8/webrick/httpserver.rb:65:in `run'
  /usr/lib/ruby/1.8/webrick/server.rb:173:in `start_thread'
  /usr/lib/ruby/1.8/webrick/server.rb:162:in `start'
  /usr/lib/ruby/1.8/webrick/server.rb:162:in `start_thread'
  /usr/lib/ruby/1.8/webrick/server.rb:95:in `start'
  /usr/lib/ruby/1.8/webrick/server.rb:92:in `each'
  /usr/lib/ruby/1.8/webrick/server.rb:92:in `start'
  /usr/lib/ruby/1.8/webrick/server.rb:23:in `start'
  /usr/lib/ruby/1.8/webrick/server.rb:82:in `start'

Rendered rescues/_trace (18.6ms)
Rendered rescues/_request_and_response (0.2ms)
Rendering rescues/layout (internal_server_error)


Processing RolesController#index (for 127.0.0.1 at 2011-02-27 20:30:09) [GET]
  [4;35;1mRole Load (0.2ms)[0m   [0mSELECT * FROM "roles" [0m
  [4;36;1mUser Load (0.2ms)[0m   [0;1mSELECT * FROM "users" WHERE ("users"."persistence_token" = '5de272258bca1bc65113dd4000ef3773b25a6c877dc5c3493c8c0bd142900b5cb6df1a6481972f752cc94f82f9e4d42721780d47dc581e3fceffde517ded73ee') LIMIT 1[0m
  [4;35;1mUser Update (0.2ms)[0m   [0mUPDATE "users" SET "updated_at" = '2011-02-28 03:30:09', "last_request_at" = '2011-02-28 03:30:09' WHERE "id" = 1[0m
Rendering template within layouts/roles
Rendering roles/index
Completed in 78ms (View: 1, DB: 1) | 200 OK [http://localhost/roles/]


Processing RolesController#index (for 127.0.0.1 at 2011-02-27 20:30:33) [GET]
  [4;36;1mRole Load (0.2ms)[0m   [0;1mSELECT * FROM "roles" [0m

NameError (undefined local variable or method `store_location' for #<RolesController:0x7f6ea0439ea8>):
  app/controllers/roles_controller.rb:90:in `require_user'
  app/controllers/roles_controller.rb:7:in `index'
  /usr/lib/ruby/1.8/webrick/httpserver.rb:104:in `service'
  /usr/lib/ruby/1.8/webrick/httpserver.rb:65:in `run'
  /usr/lib/ruby/1.8/webrick/server.rb:173:in `start_thread'
  /usr/lib/ruby/1.8/webrick/server.rb:162:in `start'
  /usr/lib/ruby/1.8/webrick/server.rb:162:in `start_thread'
  /usr/lib/ruby/1.8/webrick/server.rb:95:in `start'
  /usr/lib/ruby/1.8/webrick/server.rb:92:in `each'
  /usr/lib/ruby/1.8/webrick/server.rb:92:in `start'
  /usr/lib/ruby/1.8/webrick/server.rb:23:in `start'
  /usr/lib/ruby/1.8/webrick/server.rb:82:in `start'

Rendered rescues/_trace (17.8ms)
Rendered rescues/_request_and_response (0.2ms)
Rendering rescues/layout (internal_server_error)


Processing RolesController#index (for 127.0.0.1 at 2011-02-27 20:31:06) [GET]
  [4;35;1mRole Load (0.2ms)[0m   [0mSELECT * FROM "roles" [0m

NameError (undefined local variable or method `new_user_session_url' for #<RolesController:0x7f6ea027dad8>):
  app/controllers/roles_controller.rb:91:in `require_user'
  app/controllers/roles_controller.rb:7:in `index'
  /usr/lib/ruby/1.8/webrick/httpserver.rb:104:in `service'
  /usr/lib/ruby/1.8/webrick/httpserver.rb:65:in `run'
  /usr/lib/ruby/1.8/webrick/server.rb:173:in `start_thread'
  /usr/lib/ruby/1.8/webrick/server.rb:162:in `start'
  /usr/lib/ruby/1.8/webrick/server.rb:162:in `start_thread'
  /usr/lib/ruby/1.8/webrick/server.rb:95:in `start'
  /usr/lib/ruby/1.8/webrick/server.rb:92:in `each'
  /usr/lib/ruby/1.8/webrick/server.rb:92:in `start'
  /usr/lib/ruby/1.8/webrick/server.rb:23:in `start'
  /usr/lib/ruby/1.8/webrick/server.rb:82:in `start'

Rendered rescues/_trace (51.2ms)
Rendered rescues/_request_and_response (0.2ms)
Rendering rescues/layout (internal_server_error)


Processing RolesController#index (for 127.0.0.1 at 2011-02-27 20:31:15) [GET]
  [4;36;1mRole Load (0.2ms)[0m   [0;1mSELECT * FROM "roles" [0m
Redirected to http://localhost:3000/

ActionController::DoubleRenderError (Can only render or redirect once per action):
  app/controllers/roles_controller.rb:9:in `index'
  /usr/lib/ruby/1.8/webrick/httpserver.rb:104:in `service'
  /usr/lib/ruby/1.8/webrick/httpserver.rb:65:in `run'
  /usr/lib/ruby/1.8/webrick/server.rb:173:in `start_thread'
  /usr/lib/ruby/1.8/webrick/server.rb:162:in `start'
  /usr/lib/ruby/1.8/webrick/server.rb:162:in `start_thread'
  /usr/lib/ruby/1.8/webrick/server.rb:95:in `start'
  /usr/lib/ruby/1.8/webrick/server.rb:92:in `each'
  /usr/lib/ruby/1.8/webrick/server.rb:92:in `start'
  /usr/lib/ruby/1.8/webrick/server.rb:23:in `start'
  /usr/lib/ruby/1.8/webrick/server.rb:82:in `start'

Rendered rescues/_trace (21.5ms)
Rendered rescues/_request_and_response (0.2ms)
Rendering rescues/layout (internal_server_error)


Processing ApplicationController#index (for 127.0.0.1 at 2011-02-27 20:31:48) [GET]

SyntaxError (/home/memeyou/Documents/csci446/project06/gamez/app/controllers/roles_controller.rb:106: syntax error, unexpected $end, expecting kEND):
  /usr/lib/ruby/1.8/webrick/httpserver.rb:104:in `service'
  /usr/lib/ruby/1.8/webrick/httpserver.rb:65:in `run'
  /usr/lib/ruby/1.8/webrick/server.rb:173:in `start_thread'
  /usr/lib/ruby/1.8/webrick/server.rb:162:in `start'
  /usr/lib/ruby/1.8/webrick/server.rb:162:in `start_thread'
  /usr/lib/ruby/1.8/webrick/server.rb:95:in `start'
  /usr/lib/ruby/1.8/webrick/server.rb:92:in `each'
  /usr/lib/ruby/1.8/webrick/server.rb:92:in `start'
  /usr/lib/ruby/1.8/webrick/server.rb:23:in `start'
  /usr/lib/ruby/1.8/webrick/server.rb:82:in `start'

Rendered rescues/_trace (51.6ms)
Rendered rescues/_request_and_response (0.2ms)
Rendering rescues/layout (internal_server_error)


Processing RolesController#index (for 127.0.0.1 at 2011-02-27 20:31:54) [GET]
  [4;35;1mRole Load (0.3ms)[0m   [0mSELECT * FROM "roles" [0m
Redirected to http://localhost:3000/
Completed in 10ms (DB: 0) | 302 Found [http://localhost/roles/]
